{"message":"    METHOD: GET URL: /users STATUS: 200","level":"info"}
{"message":"    METHOD: GET URL: /users STATUS: 200","level":"info"}
{"message":"    info","level":"info"}
{"message":"    warn","level":"warn"}
{"message":"   error","level":"error"}
{"level":"info","message":"    info from log"}
{"message":"    METHOD: GET URL: /users STATUS: 200","level":"info"}
{"message":"    info","level":"info"}
{"message":"    warn","level":"warn"}
{"message":"   error","level":"error"}
{"level":"info","message":"    info from log"}
{"message":"    info","level":"info"}
{"message":"    warn","level":"warn"}
{"message":"   error","level":"error"}
{"level":"info","message":"    info from log"}
{"message":"    METHOD: GET URL: /users STATUS: 200","level":"info"}
{"message":"    info","level":"info"}
{"message":"    warn","level":"warn"}
{"message":"   error","level":"error"}
{"level":"info","message":"    info from log"}
{"message":"    info","level":"info"}
{"message":"    warn","level":"warn"}
{"message":"   error","level":"error"}
{"level":"info","message":"    info from log"}
{"message":"    METHOD:","level":"info"}
{"message":"    METHOD: GET URL: /users STATUS: 200","level":"info"}
{"message":"    info","level":"info"}
{"message":"    warn","level":"warn"}
{"message":"   error","level":"error"}
{"level":"info","message":"    info from log"}
{"message":"    info","level":"info"}
{"message":"    warn","level":"warn"}
{"message":"   error","level":"error"}
{"level":"info","message":"    info from log"}
{"message":"    info","level":"info"}
{"message":"    warn","level":"warn"}
{"message":"   error","level":"error"}
{"level":"info","message":"    info from log"}
{"message":"    info","level":"info"}
{"message":"    warn","level":"warn"}
{"message":"   error","level":"error"}
{"level":"info","message":"    info from log"}
{"message":"    info","level":"info"}
{"message":"    warn","level":"warn"}
{"message":"   error","level":"error"}
{"level":"info","message":"    info from log"}
{"message":"    info","level":"info"}
{"message":"    warn","level":"warn"}
{"message":"   error","level":"error"}
{"level":"info","message":"    info from log"}
{"message":"    info","level":"info"}
{"message":"    warn","level":"warn"}
{"message":"   error","level":"error"}
{"level":"info","message":"    info from log"}
{"message":"    info","level":"info"}
{"message":"    warn","level":"warn"}
{"message":"   error","level":"error"}
{"level":"info","message":"    info from log"}
{"message":"    info","level":"info"}
{"message":"    warn","level":"warn"}
{"message":"   error","level":"error"}
{"level":"info","message":"    info from log"}
{"message":"    METHOD:","level":"info"}
{"message":"    METHOD: GET URL: /users STATUS: 200","level":"info"}
{"message":"    METHOD:","level":"info"}
{"message":"    METHOD: GET URL: /users STATUS: 200","level":"info"}
{"message":"    METHOD:","level":"info"}
{"message":"    METHOD: GET URL: /users STATUS: 200","level":"info"}
